<?xml version="1.0" encoding="UTF-8"?>
<!-- Generated by org.testng.reporters.JUnitReportReporter -->
<testsuite skipped="0" hostname="LAPTOP-RS5CPC4K" name="testProject.AppiumTestProject.Calculator" tests="1" failures="0" timestamp="2020-10-05T22:59:10 IST" time="3.254" errors="0">
  <testcase name="multiply" time="3.254" classname="testProject.AppiumTestProject.Calculator"/>
  <system-out/>
</testsuite> <!-- testProject.AppiumTestProject.Calculator -->
