<?xml version="1.0" encoding="UTF-8"?>
<!-- Generated by org.testng.reporters.JUnitReportReporter -->
<testsuite skipped="0" hostname="LAPTOP-RS5CPC4K" name="testProject.AppiumTestProject.Goal_1_activity" tests="1" failures="0" timestamp="2020-10-07T20:13:31 IST" time="18.479" errors="0">
  <testcase name="addNewTask" time="18.479" classname="testProject.AppiumTestProject.Goal_1_activity"/>
  <system-out>
<img src='src\test\resources\act_GoogleTask20201007_201217.jpg'/> <img src='src\test\resources\act_googleKeep20201007_201223.jpg'/> <img src='src\test\resources\act_sec_googleKeep20201007_201227.jpg'/>  </system-out>
</testsuite> <!-- testProject.AppiumTestProject.Goal_1_activity -->
