<?xml version="1.0" encoding="UTF-8"?>
<!-- Generated by org.testng.reporters.JUnitReportReporter -->
<testsuite skipped="0" hostname="LAPTOP-RS5CPC4K" name="testProject.AppiumTestProject.Activity_1" tests="1" failures="0" timestamp="2020-10-06T00:28:59 IST" time="4.896" errors="0">
  <testcase name="pageTitle" time="4.896" classname="testProject.AppiumTestProject.Activity_1"/>
  <system-out/>
</testsuite> <!-- testProject.AppiumTestProject.Activity_1 -->
